0 info it worked if it ends with ok
1 verbose cli [ '/Users/matthewglover/.nvm/versions/node/v6.2.2/bin/node',
1 verbose cli   '/Users/matthewglover/.nvm/versions/node/v6.2.2/bin/npm',
1 verbose cli   'run',
1 verbose cli   'lint' ]
2 info using npm@3.9.5
3 info using node@v6.2.2
4 verbose run-script [ 'prelint', 'lint', 'postlint' ]
5 info lifecycle Roundabout@1.0.0~prelint: Roundabout@1.0.0
6 silly lifecycle Roundabout@1.0.0~prelint: no script for prelint, continuing
7 info lifecycle Roundabout@1.0.0~lint: Roundabout@1.0.0
8 verbose lifecycle Roundabout@1.0.0~lint: unsafe-perm in lifecycle true
9 verbose lifecycle Roundabout@1.0.0~lint: PATH: /Users/matthewglover/.nvm/versions/node/v6.2.2/lib/node_modules/npm/bin/node-gyp-bin:/Users/matthewglover/web_work/r2/Roundabout/node_modules/.bin:/Users/matthewglover/.nvm/versions/node/v6.2.2/bin:/usr/local/heroku/bin:/Users/matthewglover/.rbenv/shims:/Users/matthewglover/android-sdk-macosx/tools:/Users/matthewglover/android-sdk-macosx/platform-tools:/Users/matthewglover/go/bin:/usr/local/bin:/usr/local/git/bin:/Users/matthewglover/.bin:/usr/local/bin:/usr/bin:/bin:/usr/sbin:/sbin:/usr/local/git/bin:/usr/local/go/bin:/Users/matthewglover/.nvm/versions/node/v6.2.2/bin:/usr/local/cellar/mongodb/2.6.3/bin
10 verbose lifecycle Roundabout@1.0.0~lint: CWD: /Users/matthewglover/web_work/r2/Roundabout
11 silly lifecycle Roundabout@1.0.0~lint: Args: [ '-c', 'eslint \'./**/*.js\'' ]
12 silly lifecycle Roundabout@1.0.0~lint: Returned: code: 1  signal: null
13 info lifecycle Roundabout@1.0.0~lint: Failed to exec lint script
14 verbose stack Error: Roundabout@1.0.0 lint: `eslint './**/*.js'`
14 verbose stack Exit status 1
14 verbose stack     at EventEmitter.<anonymous> (/Users/matthewglover/.nvm/versions/node/v6.2.2/lib/node_modules/npm/lib/utils/lifecycle.js:245:16)
14 verbose stack     at emitTwo (events.js:106:13)
14 verbose stack     at EventEmitter.emit (events.js:191:7)
14 verbose stack     at ChildProcess.<anonymous> (/Users/matthewglover/.nvm/versions/node/v6.2.2/lib/node_modules/npm/lib/utils/spawn.js:24:14)
14 verbose stack     at emitTwo (events.js:106:13)
14 verbose stack     at ChildProcess.emit (events.js:191:7)
14 verbose stack     at maybeClose (internal/child_process.js:852:16)
14 verbose stack     at Process.ChildProcess._handle.onexit (internal/child_process.js:215:5)
15 verbose pkgid Roundabout@1.0.0
16 verbose cwd /Users/matthewglover/web_work/r2/Roundabout
17 error Darwin 15.6.0
18 error argv "/Users/matthewglover/.nvm/versions/node/v6.2.2/bin/node" "/Users/matthewglover/.nvm/versions/node/v6.2.2/bin/npm" "run" "lint"
19 error node v6.2.2
20 error npm  v3.9.5
21 error code ELIFECYCLE
22 error Roundabout@1.0.0 lint: `eslint './**/*.js'`
22 error Exit status 1
23 error Failed at the Roundabout@1.0.0 lint script 'eslint './**/*.js''.
23 error Make sure you have the latest version of node.js and npm installed.
23 error If you do, this is most likely a problem with the Roundabout package,
23 error not with npm itself.
23 error Tell the author that this fails on your system:
23 error     eslint './**/*.js'
23 error You can get information on how to open an issue for this project with:
23 error     npm bugs Roundabout
23 error Or if that isn't available, you can get their info via:
23 error     npm owner ls Roundabout
23 error There is likely additional logging output above.
24 verbose exit [ 1, true ]
